<?xml version="1.0" encoding="UTF-8"?>
<!-- Generated by org.testng.reporters.JUnitXMLReporter -->
<testsuite ignored="0" hostname="KIARA" failures="1" tests="1" name="Default test(failed)" time="8.989" errors="0" timestamp="2024-11-12T12:47:54 IST">
  <testcase classname="io.cucumber.testng.AbstractTestNGCucumberTests" name="runScenario" time="8.708">
    <failure type="java.lang.NumberFormatException" message="For input string: &amp;quot;&amp;quot;3&amp;quot; &amp;quot;">
      <![CDATA[java.lang.NumberFormatException: For input string: ""3" "
at java.base/java.lang.NumberFormatException.forInputString(NumberFormatException.java:67)
at java.base/java.lang.Integer.parseInt(Integer.java:654)
at java.base/java.lang.Integer.parseInt(Integer.java:786)
at stepDefinitions.LandingPageStepDefinition.Added_items_of_the_selected_product_to_the_cart(LandingPageStepDefinition.java:53)
at ✽.Added "3" items of the selected product to the cart(file:///C:/Users/Pavan%20Kumar%20Muppa/Automation/SeleniumFrameworkDesign/BDDsampleProject/src/test/java/features/Checkout.feature:8)
]]>
    </failure>
  </testcase> <!-- runScenario -->
</testsuite> <!-- Default test(failed) -->
