<?xml version="1.0" encoding="UTF-8"?>
<testsuite xmlns:xsi="http://www.w3.org/2001/XMLSchema-instance" xsi:noNamespaceSchemaLocation="https://maven.apache.org/surefire/maven-surefire-plugin/xsd/surefire-test-report-3.0.xsd" version="3.0" name="TestSuite" time="22.211" tests="1" errors="0" skipped="0" failures="0">
  <properties>
[...]
</properties>
  <testcase name="runScenario[&quot;Validating Automation Practise page&quot;, &quot;Automation Practise page&quot;](1)" classname="cucumberOptions.TestNGTestRunner" time="19.766">
    <system-out><![CDATA[Provided URL loaded successfully
Browser Maximized successfully
Landed on Practise Page
Successfully selected radio button
selected dropdown succesfull
Before Auto Suggestion success
After Auto Suggestion clicked success
Checkbox clicked successfully
Check Box selected
Entered text success
Alert Button clicked success
Alert handled success
Browser Closed
]]></system-out>
    <system-err><![CDATA[SLF4J: Failed to load class "org.slf4j.impl.StaticLoggerBinder".
SLF4J: Defaulting to no-operation (NOP) logger implementation
SLF4J: See http://www.slf4j.org/codes.html#StaticLoggerBinder for further details.
]]></system-err>
  </testcase>
</testsuite>